<?xml version="1.0" encoding="UTF-8"?>
<!-- Generated by org.testng.reporters.JUnitReportReporter -->
<testsuite hostname="DESKTOP-8R78QAV" failures="0" tests="3" name="testSuites.Smoke" time="14.624" errors="0" timestamp="2024-02-21T18:57:41 IST" skipped="0">
  <testcase classname="testSuites.Smoke" name="toCheckLogin3" time="4.441"/>
  <testcase classname="testSuites.Smoke" name="toCheckLogin1" time="4.549"/>
  <testcase classname="testSuites.Smoke" name="toCheckLogin2" time="5.634"/>
</testsuite> <!-- testSuites.Smoke -->
